============================= test session starts ==============================
platform linux -- Python 3.11.15, pytest-8.4.2, pluggy-1.6.0 -- /usr/local/bin/python3.11
cachedir: .pytest_cache
rootdir: /app
configfile: pytest.ini
plugins: asyncio-0.24.0, mock-3.12.0, anyio-4.14.1, cov-4.1.0
asyncio: mode=Mode.AUTO, default_loop_scope=None
collecting ... collected 7 items

tests/test_sqladmin_customer_fields.py::test_quick_field_set_service_templates PASSED [ 14%]
tests/test_sqladmin_customer_fields.py::test_quick_field_set_http_get_authenticated PASSED [ 28%]
tests/test_sqladmin_customer_fields.py::test_quick_field_set_http_get_unauthenticated FAILED [ 42%]
tests/test_sqladmin_customer_fields.py::test_quick_field_set_http_post_success PASSED [ 57%]
tests/test_sqladmin_customer_fields.py::test_quick_field_set_duplicate_strict FAILED [ 71%]
tests/test_sqladmin_customer_fields.py::test_quick_field_set_duplicate_strict ERROR [ 71%]
tests/test_sqladmin_customer_fields.py::test_quick_field_set_duplicate_missing_only FAILED [ 85%]
tests/test_sqladmin_customer_fields.py::test_quick_field_set_duplicate_missing_only ERROR [ 85%]
tests/test_sqladmin_customer_fields.py::test_quick_field_set_next_sort_order FAILED [100%]

==================================== ERRORS ====================================
__________ ERROR at teardown of test_quick_field_set_duplicate_strict __________
tests/test_sqladmin_customer_fields.py:24: in db_session
    async with Database().session() as session:
/usr/local/lib/python3.11/contextlib.py:217: in __aexit__
    await anext(self.gen)
bot/database/main.py:50: in session
    await db.commit()
/usr/local/lib/python3.11/site-packages/sqlalchemy/ext/asyncio/session.py:999: in commit
    await greenlet_spawn(self.sync_session.commit)
/usr/local/lib/python3.11/site-packages/sqlalchemy/util/_concurrency_py3k.py:190: in greenlet_spawn
    result = context.switch(*args, **kwargs)
             ^^^^^^^^^^^^^^^^^^^^^^^^^^^^^^^
/usr/local/lib/python3.11/site-packages/sqlalchemy/orm/session.py:2035: in commit
    trans.commit(_to_root=True)
<string>:2: in commit
    ???
/usr/local/lib/python3.11/site-packages/sqlalchemy/orm/state_changes.py:101: in _go
    self._raise_for_prerequisite_state(fn.__name__, current_state)
/usr/local/lib/python3.11/site-packages/sqlalchemy/orm/session.py:975: in _raise_for_prerequisite_state
    raise sa_exc.PendingRollbackError(
E   sqlalchemy.exc.PendingRollbackError: This Session's transaction has been rolled back due to a previous exception during flush. To begin a new transaction with this Session, first issue Session.rollback(). Original exception was: (sqlite3.IntegrityError) UNIQUE constraint failed: product_customer_fields.goods_id, product_customer_fields.field_key
E   [SQL: INSERT INTO product_customer_fields (goods_id, field_key, field_type, label_i18n, required, is_sensitive, scope, sort_order, is_active, min_length, max_length) VALUES (?, ?, ?, ?, ?, ?, ?, ?, ?, ?, ?) RETURNING id, created_at, updated_at]
E   [parameters: (1, 'email', 'email', '{"en": "Email"}', 1, 1, 'per_unit', 0, 1, None, None)]
E   (Background on this error at: https://sqlalche.me/e/20/gkpj) (Background on this error at: https://sqlalche.me/e/20/7s2a)
_______ ERROR at teardown of test_quick_field_set_duplicate_missing_only _______
tests/test_sqladmin_customer_fields.py:24: in db_session
    async with Database().session() as session:
/usr/local/lib/python3.11/contextlib.py:217: in __aexit__
    await anext(self.gen)
bot/database/main.py:50: in session
    await db.commit()
/usr/local/lib/python3.11/site-packages/sqlalchemy/ext/asyncio/session.py:999: in commit
    await greenlet_spawn(self.sync_session.commit)
/usr/local/lib/python3.11/site-packages/sqlalchemy/util/_concurrency_py3k.py:190: in greenlet_spawn
    result = context.switch(*args, **kwargs)
             ^^^^^^^^^^^^^^^^^^^^^^^^^^^^^^^
/usr/local/lib/python3.11/site-packages/sqlalchemy/orm/session.py:2035: in commit
    trans.commit(_to_root=True)
<string>:2: in commit
    ???
/usr/local/lib/python3.11/site-packages/sqlalchemy/orm/state_changes.py:101: in _go
    self._raise_for_prerequisite_state(fn.__name__, current_state)
/usr/local/lib/python3.11/site-packages/sqlalchemy/orm/session.py:975: in _raise_for_prerequisite_state
    raise sa_exc.PendingRollbackError(
E   sqlalchemy.exc.PendingRollbackError: This Session's transaction has been rolled back due to a previous exception during flush. To begin a new transaction with this Session, first issue Session.rollback(). Original exception was: (sqlite3.IntegrityError) UNIQUE constraint failed: product_customer_fields.goods_id, product_customer_fields.field_key
E   [SQL: INSERT INTO product_customer_fields (goods_id, field_key, field_type, label_i18n, required, is_sensitive, scope, sort_order, is_active, min_length, max_length) VALUES (?, ?, ?, ?, ?, ?, ?, ?, ?, ?, ?) RETURNING id, created_at, updated_at]
E   [parameters: (1, 'email', 'email', '{"en": "Email"}', 1, 1, 'per_unit', 0, 1, None, None)]
E   (Background on this error at: https://sqlalche.me/e/20/gkpj) (Background on this error at: https://sqlalche.me/e/20/7s2a)
=================================== FAILURES ===================================
________________ test_quick_field_set_http_get_unauthenticated _________________
tests/test_sqladmin_customer_fields.py:73: in test_quick_field_set_http_get_unauthenticated
    assert response.status_code in (302, 303, 401, 403)
E   assert 200 in (302, 303, 401, 403)
E    +  where 200 = <Response [200 OK]>.status_code
____________________ test_quick_field_set_duplicate_strict _____________________
/usr/local/lib/python3.11/site-packages/sqlalchemy/engine/base.py:1969: in _exec_single_context
    self.dialect.do_execute(
/usr/local/lib/python3.11/site-packages/sqlalchemy/engine/default.py:952: in do_execute
    cursor.execute(statement, parameters)
/usr/local/lib/python3.11/site-packages/sqlalchemy/dialects/sqlite/aiosqlite.py:183: in execute
    self._adapt_connection._handle_exception(error)
/usr/local/lib/python3.11/site-packages/sqlalchemy/dialects/sqlite/aiosqlite.py:343: in _handle_exception
    raise error
/usr/local/lib/python3.11/site-packages/sqlalchemy/dialects/sqlite/aiosqlite.py:165: in execute
    self.await_(_cursor.execute(operation, parameters))
/usr/local/lib/python3.11/site-packages/sqlalchemy/util/_concurrency_py3k.py:132: in await_only
    return current.parent.switch(awaitable)  # type: ignore[no-any-return,attr-defined] # noqa: E501
           ^^^^^^^^^^^^^^^^^^^^^^^^^^^^^^^^
/usr/local/lib/python3.11/site-packages/sqlalchemy/util/_concurrency_py3k.py:196: in greenlet_spawn
    value = await result
            ^^^^^^^^^^^^
/usr/local/lib/python3.11/site-packages/aiosqlite/cursor.py:48: in execute
    await self._execute(self._cursor.execute, sql, parameters)
/usr/local/lib/python3.11/site-packages/aiosqlite/cursor.py:40: in _execute
    return await self._conn._execute(fn, *args, **kwargs)
           ^^^^^^^^^^^^^^^^^^^^^^^^^^^^^^^^^^^^^^^^^^^^^^
/usr/local/lib/python3.11/site-packages/aiosqlite/core.py:132: in _execute
    return await future
           ^^^^^^^^^^^^
/usr/local/lib/python3.11/site-packages/aiosqlite/core.py:115: in run
    result = function()
             ^^^^^^^^^^
E   sqlite3.IntegrityError: UNIQUE constraint failed: product_customer_fields.goods_id, product_customer_fields.field_key

The above exception was the direct cause of the following exception:
tests/test_sqladmin_customer_fields.py:112: in test_quick_field_set_duplicate_strict
    await db_session.commit()
/usr/local/lib/python3.11/site-packages/sqlalchemy/ext/asyncio/session.py:999: in commit
    await greenlet_spawn(self.sync_session.commit)
/usr/local/lib/python3.11/site-packages/sqlalchemy/util/_concurrency_py3k.py:203: in greenlet_spawn
    result = context.switch(value)
             ^^^^^^^^^^^^^^^^^^^^^
/usr/local/lib/python3.11/site-packages/sqlalchemy/orm/session.py:2035: in commit
    trans.commit(_to_root=True)
<string>:2: in commit
    ???
/usr/local/lib/python3.11/site-packages/sqlalchemy/orm/state_changes.py:137: in _go
    ret_value = fn(self, *arg, **kw)
                ^^^^^^^^^^^^^^^^^^^^
/usr/local/lib/python3.11/site-packages/sqlalchemy/orm/session.py:1316: in commit
    self._prepare_impl()
<string>:2: in _prepare_impl
    ???
/usr/local/lib/python3.11/site-packages/sqlalchemy/orm/state_changes.py:137: in _go
    ret_value = fn(self, *arg, **kw)
                ^^^^^^^^^^^^^^^^^^^^
/usr/local/lib/python3.11/site-packages/sqlalchemy/orm/session.py:1290: in _prepare_impl
    self.session.flush()
/usr/local/lib/python3.11/site-packages/sqlalchemy/orm/session.py:4353: in flush
    self._flush(objects)
/usr/local/lib/python3.11/site-packages/sqlalchemy/orm/session.py:4488: in _flush
    with util.safe_reraise():
/usr/local/lib/python3.11/site-packages/sqlalchemy/util/langhelpers.py:122: in __exit__
    raise exc_value.with_traceback(exc_tb)
/usr/local/lib/python3.11/site-packages/sqlalchemy/orm/session.py:4449: in _flush
    flush_context.execute()
/usr/local/lib/python3.11/site-packages/sqlalchemy/orm/unitofwork.py:465: in execute
    rec.execute(self)
/usr/local/lib/python3.11/site-packages/sqlalchemy/orm/unitofwork.py:641: in execute
    util.preloaded.orm_persistence.save_obj(
/usr/local/lib/python3.11/site-packages/sqlalchemy/orm/persistence.py:94: in save_obj
    _emit_insert_statements(
/usr/local/lib/python3.11/site-packages/sqlalchemy/orm/persistence.py:1234: in _emit_insert_statements
    result = connection.execute(
/usr/local/lib/python3.11/site-packages/sqlalchemy/engine/base.py:1421: in execute
    return meth(
/usr/local/lib/python3.11/site-packages/sqlalchemy/sql/elements.py:526: in _execute_on_connection
    return connection._execute_clauseelement(
/usr/local/lib/python3.11/site-packages/sqlalchemy/engine/base.py:1643: in _execute_clauseelement
    ret = self._execute_context(
/usr/local/lib/python3.11/site-packages/sqlalchemy/engine/base.py:1848: in _execute_context
    return self._exec_single_context(
/usr/local/lib/python3.11/site-packages/sqlalchemy/engine/base.py:1988: in _exec_single_context
    self._handle_dbapi_exception(
/usr/local/lib/python3.11/site-packages/sqlalchemy/engine/base.py:2365: in _handle_dbapi_exception
    raise sqlalchemy_exception.with_traceback(exc_info[2]) from e
/usr/local/lib/python3.11/site-packages/sqlalchemy/engine/base.py:1969: in _exec_single_context
    self.dialect.do_execute(
/usr/local/lib/python3.11/site-packages/sqlalchemy/engine/default.py:952: in do_execute
    cursor.execute(statement, parameters)
/usr/local/lib/python3.11/site-packages/sqlalchemy/dialects/sqlite/aiosqlite.py:183: in execute
    self._adapt_connection._handle_exception(error)
/usr/local/lib/python3.11/site-packages/sqlalchemy/dialects/sqlite/aiosqlite.py:343: in _handle_exception
    raise error
/usr/local/lib/python3.11/site-packages/sqlalchemy/dialects/sqlite/aiosqlite.py:165: in execute
    self.await_(_cursor.execute(operation, parameters))
/usr/local/lib/python3.11/site-packages/sqlalchemy/util/_concurrency_py3k.py:132: in await_only
    return current.parent.switch(awaitable)  # type: ignore[no-any-return,attr-defined] # noqa: E501
           ^^^^^^^^^^^^^^^^^^^^^^^^^^^^^^^^
/usr/local/lib/python3.11/site-packages/sqlalchemy/util/_concurrency_py3k.py:196: in greenlet_spawn
    value = await result
            ^^^^^^^^^^^^
/usr/local/lib/python3.11/site-packages/aiosqlite/cursor.py:48: in execute
    await self._execute(self._cursor.execute, sql, parameters)
/usr/local/lib/python3.11/site-packages/aiosqlite/cursor.py:40: in _execute
    return await self._conn._execute(fn, *args, **kwargs)
           ^^^^^^^^^^^^^^^^^^^^^^^^^^^^^^^^^^^^^^^^^^^^^^
/usr/local/lib/python3.11/site-packages/aiosqlite/core.py:132: in _execute
    return await future
           ^^^^^^^^^^^^
/usr/local/lib/python3.11/site-packages/aiosqlite/core.py:115: in run
    result = function()
             ^^^^^^^^^^
E   sqlalchemy.exc.IntegrityError: (sqlite3.IntegrityError) UNIQUE constraint failed: product_customer_fields.goods_id, product_customer_fields.field_key
E   [SQL: INSERT INTO product_customer_fields (goods_id, field_key, field_type, label_i18n, required, is_sensitive, scope, sort_order, is_active, min_length, max_length) VALUES (?, ?, ?, ?, ?, ?, ?, ?, ?, ?, ?) RETURNING id, created_at, updated_at]
E   [parameters: (1, 'email', 'email', '{"en": "Email"}', 1, 1, 'per_unit', 0, 1, None, None)]
E   (Background on this error at: https://sqlalche.me/e/20/gkpj)
_________________ test_quick_field_set_duplicate_missing_only __________________
/usr/local/lib/python3.11/site-packages/sqlalchemy/engine/base.py:1969: in _exec_single_context
    self.dialect.do_execute(
/usr/local/lib/python3.11/site-packages/sqlalchemy/engine/default.py:952: in do_execute
    cursor.execute(statement, parameters)
/usr/local/lib/python3.11/site-packages/sqlalchemy/dialects/sqlite/aiosqlite.py:183: in execute
    self._adapt_connection._handle_exception(error)
/usr/local/lib/python3.11/site-packages/sqlalchemy/dialects/sqlite/aiosqlite.py:343: in _handle_exception
    raise error
/usr/local/lib/python3.11/site-packages/sqlalchemy/dialects/sqlite/aiosqlite.py:165: in execute
    self.await_(_cursor.execute(operation, parameters))
/usr/local/lib/python3.11/site-packages/sqlalchemy/util/_concurrency_py3k.py:132: in await_only
    return current.parent.switch(awaitable)  # type: ignore[no-any-return,attr-defined] # noqa: E501
           ^^^^^^^^^^^^^^^^^^^^^^^^^^^^^^^^
/usr/local/lib/python3.11/site-packages/sqlalchemy/util/_concurrency_py3k.py:196: in greenlet_spawn
    value = await result
            ^^^^^^^^^^^^
/usr/local/lib/python3.11/site-packages/aiosqlite/cursor.py:48: in execute
    await self._execute(self._cursor.execute, sql, parameters)
/usr/local/lib/python3.11/site-packages/aiosqlite/cursor.py:40: in _execute
    return await self._conn._execute(fn, *args, **kwargs)
           ^^^^^^^^^^^^^^^^^^^^^^^^^^^^^^^^^^^^^^^^^^^^^^
/usr/local/lib/python3.11/site-packages/aiosqlite/core.py:132: in _execute
    return await future
           ^^^^^^^^^^^^
/usr/local/lib/python3.11/site-packages/aiosqlite/core.py:115: in run
    result = function()
             ^^^^^^^^^^
E   sqlite3.IntegrityError: UNIQUE constraint failed: product_customer_fields.goods_id, product_customer_fields.field_key

The above exception was the direct cause of the following exception:
tests/test_sqladmin_customer_fields.py:140: in test_quick_field_set_duplicate_missing_only
    await db_session.commit()
/usr/local/lib/python3.11/site-packages/sqlalchemy/ext/asyncio/session.py:999: in commit
    await greenlet_spawn(self.sync_session.commit)
/usr/local/lib/python3.11/site-packages/sqlalchemy/util/_concurrency_py3k.py:203: in greenlet_spawn
    result = context.switch(value)
             ^^^^^^^^^^^^^^^^^^^^^
/usr/local/lib/python3.11/site-packages/sqlalchemy/orm/session.py:2035: in commit
    trans.commit(_to_root=True)
<string>:2: in commit
    ???
/usr/local/lib/python3.11/site-packages/sqlalchemy/orm/state_changes.py:137: in _go
    ret_value = fn(self, *arg, **kw)
                ^^^^^^^^^^^^^^^^^^^^
/usr/local/lib/python3.11/site-packages/sqlalchemy/orm/session.py:1316: in commit
    self._prepare_impl()
<string>:2: in _prepare_impl
    ???
/usr/local/lib/python3.11/site-packages/sqlalchemy/orm/state_changes.py:137: in _go
    ret_value = fn(self, *arg, **kw)
                ^^^^^^^^^^^^^^^^^^^^
/usr/local/lib/python3.11/site-packages/sqlalchemy/orm/session.py:1290: in _prepare_impl
    self.session.flush()
/usr/local/lib/python3.11/site-packages/sqlalchemy/orm/session.py:4353: in flush
    self._flush(objects)
/usr/local/lib/python3.11/site-packages/sqlalchemy/orm/session.py:4488: in _flush
    with util.safe_reraise():
/usr/local/lib/python3.11/site-packages/sqlalchemy/util/langhelpers.py:122: in __exit__
    raise exc_value.with_traceback(exc_tb)
/usr/local/lib/python3.11/site-packages/sqlalchemy/orm/session.py:4449: in _flush
    flush_context.execute()
/usr/local/lib/python3.11/site-packages/sqlalchemy/orm/unitofwork.py:465: in execute
    rec.execute(self)
/usr/local/lib/python3.11/site-packages/sqlalchemy/orm/unitofwork.py:641: in execute
    util.preloaded.orm_persistence.save_obj(
/usr/local/lib/python3.11/site-packages/sqlalchemy/orm/persistence.py:94: in save_obj
    _emit_insert_statements(
/usr/local/lib/python3.11/site-packages/sqlalchemy/orm/persistence.py:1234: in _emit_insert_statements
    result = connection.execute(
/usr/local/lib/python3.11/site-packages/sqlalchemy/engine/base.py:1421: in execute
    return meth(
/usr/local/lib/python3.11/site-packages/sqlalchemy/sql/elements.py:526: in _execute_on_connection
    return connection._execute_clauseelement(
/usr/local/lib/python3.11/site-packages/sqlalchemy/engine/base.py:1643: in _execute_clauseelement
    ret = self._execute_context(
/usr/local/lib/python3.11/site-packages/sqlalchemy/engine/base.py:1848: in _execute_context
    return self._exec_single_context(
/usr/local/lib/python3.11/site-packages/sqlalchemy/engine/base.py:1988: in _exec_single_context
    self._handle_dbapi_exception(
/usr/local/lib/python3.11/site-packages/sqlalchemy/engine/base.py:2365: in _handle_dbapi_exception
    raise sqlalchemy_exception.with_traceback(exc_info[2]) from e
/usr/local/lib/python3.11/site-packages/sqlalchemy/engine/base.py:1969: in _exec_single_context
    self.dialect.do_execute(
/usr/local/lib/python3.11/site-packages/sqlalchemy/engine/default.py:952: in do_execute
    cursor.execute(statement, parameters)
/usr/local/lib/python3.11/site-packages/sqlalchemy/dialects/sqlite/aiosqlite.py:183: in execute
    self._adapt_connection._handle_exception(error)
/usr/local/lib/python3.11/site-packages/sqlalchemy/dialects/sqlite/aiosqlite.py:343: in _handle_exception
    raise error
/usr/local/lib/python3.11/site-packages/sqlalchemy/dialects/sqlite/aiosqlite.py:165: in execute
    self.await_(_cursor.execute(operation, parameters))
/usr/local/lib/python3.11/site-packages/sqlalchemy/util/_concurrency_py3k.py:132: in await_only
    return current.parent.switch(awaitable)  # type: ignore[no-any-return,attr-defined] # noqa: E501
           ^^^^^^^^^^^^^^^^^^^^^^^^^^^^^^^^
/usr/local/lib/python3.11/site-packages/sqlalchemy/util/_concurrency_py3k.py:196: in greenlet_spawn
    value = await result
            ^^^^^^^^^^^^
/usr/local/lib/python3.11/site-packages/aiosqlite/cursor.py:48: in execute
    await self._execute(self._cursor.execute, sql, parameters)
/usr/local/lib/python3.11/site-packages/aiosqlite/cursor.py:40: in _execute
    return await self._conn._execute(fn, *args, **kwargs)
           ^^^^^^^^^^^^^^^^^^^^^^^^^^^^^^^^^^^^^^^^^^^^^^
/usr/local/lib/python3.11/site-packages/aiosqlite/core.py:132: in _execute
    return await future
           ^^^^^^^^^^^^
/usr/local/lib/python3.11/site-packages/aiosqlite/core.py:115: in run
    result = function()
             ^^^^^^^^^^
E   sqlalchemy.exc.IntegrityError: (sqlite3.IntegrityError) UNIQUE constraint failed: product_customer_fields.goods_id, product_customer_fields.field_key
E   [SQL: INSERT INTO product_customer_fields (goods_id, field_key, field_type, label_i18n, required, is_sensitive, scope, sort_order, is_active, min_length, max_length) VALUES (?, ?, ?, ?, ?, ?, ?, ?, ?, ?, ?) RETURNING id, created_at, updated_at]
E   [parameters: (1, 'email', 'email', '{"en": "Email"}', 1, 1, 'per_unit', 0, 1, None, None)]
E   (Background on this error at: https://sqlalche.me/e/20/gkpj)
_____________________ test_quick_field_set_next_sort_order _____________________
tests/test_sqladmin_customer_fields.py:172: in test_quick_field_set_next_sort_order
    assert response.json()["next_sort_order"] == 0
E   assert 7 == 0
=============================== warnings summary ===============================
tests/test_sqladmin_customer_fields.py:7
  /app/tests/test_sqladmin_customer_fields.py:7: StarletteDeprecationWarning: Using `httpx` with `starlette.testclient` is deprecated; install `httpx2` instead.
    from starlette.testclient import TestClient

-- Docs: https://docs.pytest.org/en/stable/how-to/capture-warnings.html

---------- coverage: platform linux, python 3.11.15-final-0 ----------
Name                                                 Stmts   Miss  Cover   Missing
----------------------------------------------------------------------------------
bot/__init__.py                                          1      0   100%
bot/database/__init__.py                                 1      0   100%
bot/database/dsn.py                                      5      1    80%   7
bot/database/main.py                                    26      4    85%   15-36, 61
bot/database/methods/__init__.py                         8      0   100%
bot/database/methods/audit.py                           27     21    22%   24-55
bot/database/methods/cache_utils.py                     13      8    38%   15-23
bot/database/methods/create.py                         100     81    19%   15-19, 31-47, 52-78, 83-89, 94-95, 100-101, 113-114, 126-133, 146-162, 167-184, 190-207
bot/database/methods/delete.py                          73     58    21%   12-19, 24-27, 32-33, 38-55, 60-75, 80-86, 91-96, 101-103, 109-111
bot/database/methods/lazy_queries.py                   105     86    18%   14-29, 34-36, 41-43, 48-56, 61-73, 78-87, 92-105, 110-140, 153-164, 170-180, 185-195, 210-251, 265-273
bot/database/methods/orders.py                          47     31    34%   18-34, 58-92, 95-96, 99-100, 103-110, 113-117, 120-123, 126-127
bot/database/methods/read.py                           341    251    26%   21-34, 42-45, 50, 57-60, 65-69, 74-75, 80-82, 87-90, 95-98, 103-106, 111-114, 123-124, 131-140, 148-150, 160-161, 166-167, 176-178, 183-186, 191-194, 198-201, 206-217, 222-225, 230-233, 238-250, 255-256, 265-266, 277-278, 285-288, 293-294, 299-300, 305-306, 311-312, 317-318, 325-326, 333-335, 345-346, 353-357, 362-370, 375-376, 381-389, 394-395, 400-401, 406-410, 415-416, 423-426, 431-442, 452-455, 463, 469, 475, 481, 487, 493, 499, 505-510, 515-523, 528-531, 536-540, 547-550, 560-604, 611-615, 620-621, 631-635, 640-641, 651-659, 664-666, 669-677, 684-710
bot/database/methods/restock_subscriptions.py          116    116     0%   1-283
bot/database/methods/transactions.py                   313    296     5%   22-260, 275-368, 377-563, 572-611, 619-683
bot/database/methods/update.py                          90     75    17%   14-19, 24-30, 37-81, 86-93, 98-101, 106-119, 124-137, 142-150
bot/database/models/__init__.py                          2      0   100%
bot/database/models/main.py                            416     78    81%   28, 33, 49, 54, 87, 93, 96, 130-140, 143, 196, 232, 268, 285-291, 294, 332, 372, 399-415, 418, 434-440, 443, 464, 497-505, 508, 530, 533, 551, 572, 589, 618, 622-624
bot/filters/__init__.py                                  1      0   100%
bot/filters/main.py                                     29     11    62%   19-23, 35-38, 49-51
bot/handlers/__init__.py                                 1      0   100%
bot/handlers/admin/__init__.py                          22      0   100%
bot/handlers/admin/adding_position_states.py           145    113    22%   27-28, 36-47, 55-58, 66-73, 81-95, 104-119, 127-134, 148-219, 227-268
bot/handlers/admin/broadcast.py                         52     29    44%   28-32, 40-117, 125-129
bot/handlers/admin/categories_management_states.py      76     49    36%   21-27, 38-42, 48-75, 83-87, 96-112, 120-124, 132-147, 155-176
bot/handlers/admin/goods_management_states.py          153    123    20%   26-36, 44-45, 53-68, 76-77, 85-130, 141-187, 200-246, 258-346
bot/handlers/admin/main.py                              49     33    33%   17-18, 26-47, 55-73
bot/handlers/admin/promo_management_states.py          214    166    22%   28-60, 65-85, 92-118, 123-132, 137-146, 151-164, 172-176, 183-184, 189-207, 212-224, 229-242, 247-257, 262-287, 292-304, 309-326, 331-360
bot/handlers/admin/role_management_states.py           242    196    19%   36-37, 41-50, 57-69, 79-104, 111-115, 120-128, 138-162, 167-183, 193, 198, 202-221, 228, 233, 237-276, 286-303, 311-334, 344-369, 377-425
bot/handlers/admin/shop_management_states.py           129     92    29%   40-43, 54-68, 76-98, 106-170, 193-207, 215-239, 247-271, 279-283, 289-333
bot/handlers/admin/update_position_states.py           215    175    19%   24-28, 37-60, 69-74, 86-151, 157-158, 164-175, 181-183, 189-192, 198-219, 230-266, 277-293, 303-308, 325-396
bot/handlers/admin/user_management_states.py           324    273    16%   33-102, 110-115, 121-142, 150-165, 173-212, 220-256, 264-304, 312-351, 359-395, 403-418, 437-459, 467-479, 485-539, 553-565, 571-629, 643, 651-682, 690-711
bot/handlers/main.py                                     8      3    62%   9-11
bot/handlers/other.py                                   42     22    48%   20-23, 29, 34, 39-41, 46-49, 54-56, 66, 72-79
bot/handlers/user/__init__.py                           14      0   100%
bot/handlers/user/balance_and_payment.py               319    278    13%   31-45, 50-60, 66-83, 97, 111-223, 228-309, 315-330, 340-414, 419, 423-608
bot/handlers/user/cart.py                              146    116    21%   21-31, 35-76, 85-102, 107-108, 113-120, 125-128, 133-143, 148-157, 165-213, 223-244
bot/handlers/user/main.py                              292    240    18%   30-31, 34-48, 51-62, 72-99, 107-136, 148-192, 197-217, 222-232, 237-260, 265-283, 290-292, 297-299, 303-348, 355-371, 379-398, 403-405, 410-430, 435-466
bot/handlers/user/orders.py                            144    119    17%   19-28, 32-80, 84-138, 142-153, 157-183, 190-226
bot/handlers/user/referral_system.py                   122     96    21%   23-55, 60-97, 102-140, 145-189, 194-232, 237-276, 281-298
bot/handlers/user/shop_and_goods.py                    640    542    15%   42-130, 139-149, 154-164, 166-167, 172-225, 230-242, 246-295, 300-311, 316-354, 360-382, 386-396, 399-422, 426-449, 453-468, 472-482, 486-515, 519-529, 536-560, 563-623, 627-636, 640-650, 654-664, 671-675, 680-695, 702-726, 731-743, 748-756, 761-769, 779-825, 835-842, 849-853, 857-888, 893-917, 922-934, 941-951, 955-969, 980-1009, 1011-1024, 1029-1031
bot/i18n/__init__.py                                     1      0   100%
bot/i18n/main.py                                        25     16    36%   12-15, 22-36
bot/i18n/strings.py                                      2      0   100%
bot/keyboards/__init__.py                                1      0   100%
bot/keyboards/inline.py                                190    166    13%   14-84, 91-99, 106-111, 118-136, 143-147, 151-155, 165, 183-216, 229-260, 266-294, 300-319, 326-331, 338, 353-358, 365-369, 374-379, 386-396
bot/logger_mesh.py                                      35     28    20%   13-62
bot/main.py                                            191    153    20%   47-158, 165-214, 219-241, 248-371
bot/middleware/__init__.py                               1      0   100%
bot/middleware/i18n.py                                  16     10    38%   13-23
bot/middleware/rate_limit.py                           149    117    21%   42-45, 49-50, 54-62, 66, 70-88, 92-117, 121-138, 145-148, 161-174, 178-189, 200-263, 269-272
bot/middleware/security.py                             151    125    17%   14-25, 37-43, 49-52, 59-62, 76-125, 134-137, 141-151, 155-160, 170-214, 219-231, 235, 239-254, 258-263, 267-272
bot/misc/__init__.py                                     7      0   100%
bot/misc/caching/__init__.py                             3      0   100%
bot/misc/caching/cache.py                              135    114    16%   12-16, 20-56, 66-93, 97-108, 112-120, 124-140, 155-180, 193, 199-200
bot/misc/caching/cache_scheduler.py                     50     39    22%   9-18, 23-31, 36-51, 58, 63-77, 81-84
bot/misc/caching/stats_cache.py                         21     10    52%   11-12, 17-22, 31-36, 45-53
bot/misc/caching/storage.py                             35     24    31%   20-22, 26-29, 33-36, 40-41, 49-76
bot/misc/customer_field_templates.py                     3      0   100%
bot/misc/customer_fields.py                             32     32     0%   1-70
bot/misc/encryption.py                                  76     76     0%   1-99
bot/misc/env.py                                         75      5    93%   17, 98, 103, 108, 113
bot/misc/lazy_paginator.py                              62     52    16%   24-37, 41-43, 55-84, 88-89, 93-118, 122, 130-131
bot/misc/masking.py                                     34     34     0%   1-41
bot/misc/metrics.py                                     98     79    19%   14-19, 24, 28-32, 36-39, 43-46, 50-77, 88-112, 119, 122-167, 176, 182-184
bot/misc/services/__init__.py                            4      0   100%
bot/misc/services/broadcast_system.py                   86     61    29%   25-27, 31-33, 53-57, 72-108, 134-185, 189
bot/misc/services/cleanup.py                            52     41    21%   14-15, 18-20, 23-27, 30-37, 40-81
bot/misc/services/payment.py                           119     81    32%   21, 36-47, 62, 77-93, 109-112, 127-134, 137-138, 141-145, 161-163, 167-169, 173-175, 178-213, 228-243, 249-252
bot/misc/services/recovery.py                           95     81    15%   14-16, 20-27, 33-37, 41-48, 52-85, 93-133, 137-141, 147-167
bot/misc/services/restock_dispatcher.py                126    126     0%   1-229
bot/misc/singleton.py                                    7      0   100%
bot/misc/utils.py                                       44     39    11%   8-52, 64-67, 74-92
bot/misc/validators.py                                 104     57    45%   16-21, 34-36, 49-51, 61-64, 75-89, 99-102, 121-122, 128-136, 142-153, 159-176
bot/states/__init__.py                                  10      0   100%
bot/states/broadcast_state.py                            3      0   100%
bot/states/cart_state.py                                 3      0   100%
bot/states/category_state.py                             6      0   100%
bot/states/goods_state.py                               23      0   100%
bot/states/payment_state.py                              4      0   100%
bot/states/promo_state.py                               10      0   100%
bot/states/review_state.py                               4      0   100%
bot/states/role_state.py                                 6      0   100%
bot/states/shop_state.py                                 5      0   100%
bot/states/user_state.py                                 5      0   100%
bot/web/__init__.py                                      2      0   100%
bot/web/admin.py                                       508    217    57%   33-37, 40-50, 53, 72-96, 99-101, 104, 109-117, 123-124, 133, 169-180, 300-313, 341-380, 402-422, 425-458, 522-568, 736-762, 766-771, 775-780
bot/web/export.py                                       93     75    19%   19-43, 48-62, 66, 70-86, 94-110, 118-134, 142-159
bot/web/quick_field_set.py                             104     50    52%   23, 52-56, 60-61, 64-65, 68-69, 73-75, 79-83, 88-134, 140, 149-150, 154-160
----------------------------------------------------------------------------------
TOTAL                                                 7879   5690    28%

=========================== short test summary info ============================
FAILED tests/test_sqladmin_customer_fields.py::test_quick_field_set_http_get_unauthenticated
FAILED tests/test_sqladmin_customer_fields.py::test_quick_field_set_duplicate_strict
FAILED tests/test_sqladmin_customer_fields.py::test_quick_field_set_duplicate_missing_only
FAILED tests/test_sqladmin_customer_fields.py::test_quick_field_set_next_sort_order
ERROR tests/test_sqladmin_customer_fields.py::test_quick_field_set_duplicate_strict
ERROR tests/test_sqladmin_customer_fields.py::test_quick_field_set_duplicate_missing_only
============== 4 failed, 3 passed, 1 warning, 2 errors in 12.73s ===============
